\BOOKMARK [-1][-]{part.1}{\376\377\000I\000\040\000T\000e\000o\000r\000\355\000a\000\040\000d\000e\000\040\000c\000o\000n\000j\000u\000n\000t\000o\000s}{}% 1
\BOOKMARK [0][-]{chapter.1}{\376\377\000R\000e\000l\000a\000c\000i\000o\000n\000e\000s\000\040\000y\000\040\000o\000r\000d\000e\000n}{part.1}% 2
\BOOKMARK [1][-]{section.1.1}{\376\377\000R\000e\000l\000a\000c\000i\000o\000n\000e\000s\000\040\000b\000i\000n\000a\000r\000i\000a\000s}{chapter.1}% 3
\BOOKMARK [1][-]{section.1.2}{\376\377\000C\000o\000n\000j\000u\000n\000t\000o\000s\000\040\000o\000r\000d\000e\000n\000a\000d\000o\000s}{chapter.1}% 4
\BOOKMARK [1][-]{section.1.3}{\376\377\000C\000o\000t\000a\000s\000,\000\040\000s\000u\000p\000r\000e\000m\000o\000\040\000e\000\040\000\355\000n\000f\000i\000m\000o}{chapter.1}% 5
\BOOKMARK [1][-]{section.1.4}{\376\377\000F\000u\000n\000c\000i\000o\000n\000e\000s\000\040\000c\000r\000e\000c\000i\000e\000n\000t\000e\000s\000\040\000e\000\040\000i\000s\000o\000m\000o\000r\000f\000i\000s\000m\000o\000s\000\040\000d\000e\000\040\000o\000r\000d\000e\000n}{chapter.1}% 6
\BOOKMARK [0][-]{chapter.2}{\376\377\000R\000e\000t\000i\000c\000u\000l\000a\000d\000o\000s}{part.1}% 7
\BOOKMARK [1][-]{section.2.1}{\376\377\000D\000e\000f\000i\000n\000i\000c\000i\000\363\000n\000\040\000y\000\040\000e\000j\000e\000m\000p\000l\000o\000s}{chapter.2}% 8
\BOOKMARK [1][-]{section.2.2}{\376\377\000R\000e\000t\000i\000c\000u\000l\000a\000d\000o\000s\000\040\000c\000o\000m\000p\000l\000e\000t\000o\000s}{chapter.2}% 9
\BOOKMARK [1][-]{section.2.3}{\376\377\000T\000e\000o\000r\000e\000m\000a\000\040\000d\000e\000l\000\040\000P\000u\000n\000t\000o\000\040\000F\000i\000j\000o}{chapter.2}% 10
\BOOKMARK [0][-]{chapter.3}{\376\377\000C\000a\000r\000d\000i\000n\000a\000l\000i\000d\000a\000d}{part.1}% 11
\BOOKMARK [1][-]{section.3.1}{\376\377\000C\000o\000n\000j\000u\000n\000t\000o\000s\000\040\000f\000i\000n\000i\000t\000o\000s\000\040\000y\000\040\000n\000u\000m\000e\000r\000a\000b\000l\000e\000s}{chapter.3}% 12
\BOOKMARK [1][-]{section.3.2}{\376\377\000C\000o\000o\000r\000d\000i\000n\000a\000b\000i\000l\000i\000d\000a\000d}{chapter.3}% 13
\BOOKMARK [1][-]{section.3.3}{\376\377\000C\000o\000n\000j\000u\000n\000t\000o\000s\000\040\000n\000o\000\040\000n\000u\000m\000e\000r\000a\000b\000l\000e\000s}{chapter.3}% 14
\BOOKMARK [1][-]{section.3.4}{\376\377\000C\000a\000r\000d\000i\000n\000a\000l\000e\000s\000\040\000y\000\040\000A\000x\000i\000o\000m\000a\000\040\000d\000e\000\040\000E\000l\000e\000c\000c\000i\000\363\000n}{chapter.3}% 15
\BOOKMARK [-1][-]{part.2}{\376\377\000I\000I\000\040\000E\000s\000p\000a\000c\000i\000o\000s\000\040\000m\000\351\000t\000r\000i\000c\000o\000s\000\040\000y\000\040\000t\000o\000p\000o\000l\000o\000g\000\355\000a}{}% 16
\BOOKMARK [0][-]{chapter.4}{\376\377\000N\000o\000c\000i\000o\000n\000e\000s\000\040\000b\000\341\000s\000i\000c\000a\000s}{part.2}% 17
\BOOKMARK [1][-]{section.4.1}{\376\377\000D\000e\000f\000i\000n\000i\000c\000i\000\363\000n\000\040\000y\000\040\000e\000j\000e\000m\000p\000l\000o\000s}{chapter.4}% 18
\BOOKMARK [1][-]{section.4.2}{\376\377\000B\000o\000l\000a\000s\000,\000\040\000a\000b\000i\000e\000r\000t\000o\000s\000\040\000y\000\040\000c\000e\000r\000r\000a\000d\000o\000s}{chapter.4}% 19
\BOOKMARK [1][-]{section.4.3}{\376\377\000D\000e\000n\000s\000o\000s}{chapter.4}% 20
\BOOKMARK [1][-]{section.4.4}{\376\377\000D\000i\000s\000t\000a\000n\000c\000i\000a\000\040\000a\000\040\000c\000o\000n\000j\000u\000n\000t\000o\000s}{chapter.4}% 21
\BOOKMARK [0][-]{chapter.5}{\376\377\000S\000u\000c\000e\000s\000i\000o\000n\000e\000s\000\040\000y\000\040\000c\000o\000n\000v\000e\000r\000g\000e\000n\000c\000i\000a}{part.2}% 22
\BOOKMARK [1][-]{section.5.1}{\376\377\000C\000o\000n\000v\000e\000r\000g\000e\000n\000c\000i\000a\000\040\000d\000e\000\040\000s\000u\000c\000e\000s\000i\000o\000n\000e\000s}{chapter.5}% 23
\BOOKMARK [1][-]{section.5.2}{\376\377\000S\000u\000c\000e\000s\000i\000o\000n\000e\000s\000\040\000d\000e\000\040\000C\000a\000u\000c\000h\000y}{chapter.5}% 24
\BOOKMARK [1][-]{section.5.3}{\376\377\000R\000e\000l\000a\000c\000i\000\363\000n\000\040\000e\000n\000t\000r\000e\000\040\000s\000u\000c\000e\000s\000i\000o\000n\000e\000s\000\040\000y\000\040\000c\000l\000a\000u\000s\000u\000r\000a}{chapter.5}% 25
\BOOKMARK [0][-]{chapter.6}{\376\377\000S\000e\000p\000a\000r\000a\000b\000i\000l\000i\000d\000a\000d}{part.2}% 26
\BOOKMARK [1][-]{section.6.1}{\376\377\000T\000o\000p\000o\000l\000o\000g\000\355\000a\000\040\000d\000e\000l\000\040\000e\000s\000p\000a\000c\000i\000o}{chapter.6}% 27
\BOOKMARK [1][-]{section.6.2}{\376\377\000E\000s\000p\000a\000c\000i\000o\000s\000\040\000s\000e\000p\000a\000r\000a\000b\000l\000e\000s}{chapter.6}% 28
\BOOKMARK [0][-]{chapter.7}{\376\377\000C\000o\000n\000t\000i\000n\000u\000i\000d\000a\000d}{part.2}% 29
\BOOKMARK [1][-]{section.7.1}{\376\377\000F\000u\000n\000c\000i\000o\000n\000e\000s\000\040\000C\000o\000n\000t\000i\000n\000u\000a\000s}{chapter.7}% 30
\BOOKMARK [1][-]{section.7.2}{\376\377\000C\000o\000n\000t\000i\000n\000u\000i\000d\000a\000d\000\040\000U\000n\000i\000f\000o\000r\000m\000e}{chapter.7}% 31
\BOOKMARK [1][-]{section.7.3}{\376\377\000H\000o\000m\000e\000o\000m\000o\000r\000f\000i\000s\000m\000o\000s}{chapter.7}% 32
\BOOKMARK [0][-]{chapter.8}{\376\377\000C\000o\000m\000p\000l\000e\000t\000i\000t\000u\000d}{part.2}% 33
\BOOKMARK [1][-]{section.8.1}{\376\377\000E\000s\000p\000a\000c\000i\000o\000s\000\040\000m\000\351\000t\000r\000i\000c\000o\000s\000\040\000c\000o\000m\000p\000l\000e\000t\000o\000s}{chapter.8}% 34
\BOOKMARK [1][-]{section.8.2}{\376\377\000C\000o\000m\000p\000l\000e\000t\000i\000t\000u\000d\000\040\000d\000e\000\040\000e\000s\000p\000a\000c\000i\000o\000s\000\040\000d\000e\000\040\000f\000u\000n\000c\000i\000o\000n\000e\000s}{chapter.8}% 35
\BOOKMARK [1][-]{section.8.3}{\376\377\000T\000e\000o\000r\000e\000m\000a\000\040\000d\000e\000l\000\040\000p\000u\000n\000t\000o\000\040\000f\000i\000j\000o\000\040\000d\000e\000\040\000B\000a\000n\000a\000c\000h}{chapter.8}% 36
\BOOKMARK [1][-]{section.8.4}{\376\377\000E\000s\000p\000a\000c\000i\000o\000s\000\040\000t\000o\000p\000o\000l\000\363\000g\000i\000c\000a\000m\000e\000n\000t\000e\000\040\000c\000o\000m\000p\000l\000e\000t\000o\000s}{chapter.8}% 37
\BOOKMARK [1][-]{section.8.5}{\376\377\000T\000e\000o\000r\000e\000m\000a\000\040\000d\000e\000\040\000B\000a\000i\000r\000e}{chapter.8}% 38
\BOOKMARK [0][-]{chapter.9}{\376\377\000C\000o\000m\000p\000a\000c\000i\000d\000a\000d}{part.2}% 39
\BOOKMARK [1][-]{section.9.1}{\376\377\000D\000e\000f\000i\000n\000i\000c\000i\000\363\000n\000\040\000y\000\040\000e\000q\000u\000i\000v\000a\000l\000e\000n\000c\000i\000a\000s}{chapter.9}% 40
\BOOKMARK [1][-]{section.9.2}{\376\377\000P\000r\000o\000p\000i\000e\000d\000a\000d\000e\000s\000\040\000d\000e\000\040\000c\000o\000m\000p\000a\000c\000t\000o\000s}{chapter.9}% 41
\BOOKMARK [0][-]{chapter.10}{\376\377\000C\000o\000n\000e\000x\000i\000\363\000n}{part.2}% 42
\BOOKMARK [1][-]{section.10.1}{\376\377\000C\000o\000n\000j\000u\000n\000t\000o\000s\000\040\000c\000o\000n\000e\000x\000o\000s}{chapter.10}% 43
\BOOKMARK [1][-]{section.10.2}{\376\377\000P\000r\000o\000p\000i\000e\000d\000a\000d\000e\000s\000\040\000d\000e\000\040\000c\000o\000n\000e\000x\000o\000s}{chapter.10}% 44
\BOOKMARK [1][-]{section.10.3}{\376\377\000C\000o\000m\000p\000o\000n\000e\000n\000t\000e\000s\000\040\000c\000o\000n\000e\000x\000a\000s}{chapter.10}% 45
\BOOKMARK [-1][-]{part.3}{\376\377\000I\000I\000I\000\040\000E\000s\000p\000a\000c\000i\000o\000s\000\040\000n\000o\000r\000m\000a\000d\000o\000s}{}% 46
\BOOKMARK [0][-]{chapter.11}{\376\377\000E\000s\000p\000a\000c\000i\000o\000s\000\040\000d\000e\000\040\000f\000u\000n\000c\000i\000o\000n\000e\000s}{part.3}% 47
\BOOKMARK [1][-]{section.11.1}{\376\377\000F\000u\000n\000c\000i\000\363\000n\000\040\000e\000v\000a\000l\000u\000a\000c\000i\000\363\000n\000\040\000y\000\040\000L\000e\000y\000\040\000E\000x\000p\000o\000n\000e\000n\000c\000i\000a\000l}{chapter.11}% 48
\BOOKMARK [1][-]{section.11.2}{\376\377\000E\000q\000u\000i\000c\000o\000n\000t\000i\000n\000u\000i\000d\000a\000d}{chapter.11}% 49
\BOOKMARK [1][-]{section.11.3}{\376\377\000S\000u\000c\000e\000s\000i\000o\000n\000e\000s\000\040\000y\000\040\000s\000e\000r\000i\000e\000s\000\040\000d\000e\000\040\000f\000u\000n\000c\000i\000o\000n\000e\000s}{chapter.11}% 50
\BOOKMARK [1][-]{section.11.4}{\376\377\000S\000e\000r\000i\000e\000s\000\040\000d\000e\000\040\000f\000u\000n\000c\000i\000o\000n\000e\000s}{chapter.11}% 51
\BOOKMARK [0][-]{chapter.12}{\376\377\000E\000s\000p\000a\000c\000i\000o\000s\000\040\000n\000o\000r\000m\000a\000d\000o\000s}{part.3}% 52
\BOOKMARK [1][-]{section.12.1}{\376\377\000D\000e\000f\000i\000n\000i\000c\000i\000\363\000n\000\040\000y\000\040\000e\000j\000e\000m\000p\000l\000o\000s}{chapter.12}% 53
\BOOKMARK [1][-]{section.12.2}{\376\377\000F\000u\000n\000c\000i\000o\000n\000e\000s\000\040\000l\000i\000n\000e\000a\000l\000e\000s}{chapter.12}% 54
\BOOKMARK [1][-]{section.12.3}{\376\377\000E\000x\000t\000e\000n\000s\000i\000\363\000n\000\040\000d\000e\000\040\000f\000u\000n\000c\000i\000o\000n\000a\000l\000e\000s}{chapter.12}% 55
